Base path: 'C:/Program Files/Unity/Hub/Editor/2021.3.11f1/Editor/Data', plugins path 'C:/Program Files/Unity/Hub/Editor/2021.3.11f1/Editor/Data/PlaybackEngines'
Cmd: initializeCompiler

Cmd: disassembleShader
 name=Standard platform=d3d11 type=15 mask=6 insize=1670 outsize=2982 ok=1

Cmd: disassembleShader
 name=Standard platform=d3d11 type=17 mask=6 insize=5754 outsize=8064 ok=1

Cmd: disassembleShader
 name=Standard platform=d3d11 type=15 mask=6 insize=1950 outsize=3410 ok=1

Cmd: disassembleShader
 name=Standard platform=d3d11 type=17 mask=6 insize=3754 outsize=5496 ok=1

Cmd: disassembleShader
 name=Standard platform=d3d11 type=15 mask=6 insize=1446 outsize=2269 ok=1

Cmd: disassembleShader
 name=Standard platform=d3d11 type=17 mask=6 insize=250 outsize=660 ok=1

Cmd: disassembleShader
 name=Standard platform=d3d11 type=15 mask=6 insize=1582 outsize=2835 ok=1

Cmd: disassembleShader
 name=Standard platform=d3d11 type=17 mask=6 insize=1154 outsize=2422 ok=1

Cmd: disassembleShader
 name=Standard platform=d3d11 type=15 mask=6 insize=1746 outsize=3071 ok=1

Cmd: disassembleShader
 name=Standard platform=d3d11 type=17 mask=6 insize=2814 outsize=4603 ok=1

Cmd: disassembleShader
 name=Standard platform=d3d11 type=15 mask=6 insize=2102 outsize=3588 ok=1

Cmd: disassembleShader
 name=Standard platform=d3d11 type=17 mask=6 insize=2274 outsize=3932 ok=1

Cmd: disassembleShader
 name=Standard platform=d3d11 type=15 mask=6 insize=1446 outsize=2269 ok=1

Cmd: disassembleShader
 name=Standard platform=d3d11 type=17 mask=6 insize=250 outsize=660 ok=1

Cmd: shutdown
